
libfilament-jni.so:     file format elf64-little

Sections:
Idx Name          Size      VMA               LMA               File off  Algn
  0 .note.gnu.build-id 00000024  0000000000000200  0000000000000200  00000200  2**2
                  CONTENTS, ALLOC, LOAD, READONLY, DATA
  1 .hash         0000260c  0000000000000228  0000000000000228  00000228  2**3
                  CONTENTS, ALLOC, LOAD, READONLY, DATA
  2 .gnu.hash     00002690  0000000000002838  0000000000002838  00002838  2**3
                  CONTENTS, ALLOC, LOAD, READONLY, DATA
  3 .dynsym       00008370  0000000000004ec8  0000000000004ec8  00004ec8  2**3
                  CONTENTS, ALLOC, LOAD, READONLY, DATA
  4 .dynstr       00012c44  000000000000d238  000000000000d238  0000d238  2**0
                  CONTENTS, ALLOC, LOAD, READONLY, DATA
  5 .gnu.version  00000af4  000000000001fe7c  000000000001fe7c  0001fe7c  2**1
                  CONTENTS, ALLOC, LOAD, READONLY, DATA
  6 .gnu.version_d 00000038  0000000000020970  0000000000020970  00020970  2**3
                  CONTENTS, ALLOC, LOAD, READONLY, DATA
  7 .gnu.version_r 00000060  00000000000209a8  00000000000209a8  000209a8  2**3
                  CONTENTS, ALLOC, LOAD, READONLY, DATA
  8 .rela.dyn     0000a770  0000000000020a08  0000000000020a08  00020a08  2**3
                  CONTENTS, ALLOC, LOAD, READONLY, DATA
  9 .rela.plt     000014b8  000000000002b178  000000000002b178  0002b178  2**3
                  CONTENTS, ALLOC, LOAD, READONLY, DATA
 10 .plt          00000df0  000000000002c630  000000000002c630  0002c630  2**4
                  CONTENTS, ALLOC, LOAD, READONLY, CODE
 11 .text         0008f614  000000000002d420  000000000002d420  0002d420  2**4
                  CONTENTS, ALLOC, LOAD, READONLY, CODE
 12 .rodata       00035ee1  00000000000bca40  00000000000bca40  000bca40  2**4
                  CONTENTS, ALLOC, LOAD, READONLY, DATA
 13 .eh_frame_hdr 00000cc4  00000000000f2924  00000000000f2924  000f2924  2**2
                  CONTENTS, ALLOC, LOAD, READONLY, DATA
 14 .eh_frame     00003968  00000000000f35e8  00000000000f35e8  000f35e8  2**3
                  CONTENTS, ALLOC, LOAD, READONLY, DATA
 15 .gcc_except_table 000007b4  00000000000f6f50  00000000000f6f50  000f6f50  2**2
                  CONTENTS, ALLOC, LOAD, READONLY, DATA
 16 .note.android.ident 00000098  00000000000f7704  00000000000f7704  000f7704  2**2
                  CONTENTS, ALLOC, LOAD, READONLY, DATA
 17 .init_array   00000008  00000000000f96c0  00000000000f96c0  000f86c0  2**3
                  CONTENTS, ALLOC, LOAD, DATA
 18 .fini_array   00000010  00000000000f96c8  00000000000f96c8  000f86c8  2**3
                  CONTENTS, ALLOC, LOAD, DATA
 19 .data.rel.ro  00003cd0  00000000000f96d8  00000000000f96d8  000f86d8  2**3
                  CONTENTS, ALLOC, LOAD, DATA
 20 .dynamic      00000270  00000000000fd3a8  00000000000fd3a8  000fc3a8  2**3
                  CONTENTS, ALLOC, LOAD, DATA
 21 .got          000009e8  00000000000fd618  00000000000fd618  000fc618  2**3
                  CONTENTS, ALLOC, LOAD, DATA
 22 .data         00000030  00000000000fe000  00000000000fe000  000fd000  2**3
                  CONTENTS, ALLOC, LOAD, DATA
 23 .bss          00000aa0  00000000000fe030  00000000000fe030  000fd030  2**4
                  ALLOC
 24 .comment      000000dc  0000000000000000  0000000000000000  000fd030  2**0
                  CONTENTS, READONLY
