
libfilament-jni.so:     file format elf64-little

Sections:
Idx Name          Size      VMA               LMA               File off  Algn
  0 .note.gnu.build-id 00000024  0000000000000200  0000000000000200  00000200  2**2
                  CONTENTS, ALLOC, LOAD, READONLY, DATA
  1 .gnu.hash     00000aac  0000000000000228  0000000000000228  00000228  2**3
                  CONTENTS, ALLOC, LOAD, READONLY, DATA
  2 .dynsym       00003600  0000000000000cd8  0000000000000cd8  00000cd8  2**3
                  CONTENTS, ALLOC, LOAD, READONLY, DATA
  3 .dynstr       00006059  00000000000042d8  00000000000042d8  000042d8  2**0
                  CONTENTS, ALLOC, LOAD, READONLY, DATA
  4 .gnu.version  00000480  000000000000a332  000000000000a332  0000a332  2**1
                  CONTENTS, ALLOC, LOAD, READONLY, DATA
  5 .gnu.version_d 00000038  000000000000a7b8  000000000000a7b8  0000a7b8  2**3
                  CONTENTS, ALLOC, LOAD, READONLY, DATA
  6 .gnu.version_r 00000060  000000000000a7f0  000000000000a7f0  0000a7f0  2**3
                  CONTENTS, ALLOC, LOAD, READONLY, DATA
  7 .rela.dyn     000115e0  000000000000a850  000000000000a850  0000a850  2**3
                  CONTENTS, ALLOC, LOAD, READONLY, DATA
  8 .rela.plt     000014a0  000000000001be30  000000000001be30  0001be30  2**3
                  CONTENTS, ALLOC, LOAD, READONLY, DATA
  9 .plt          00000de0  000000000001d2d0  000000000001d2d0  0001d2d0  2**4
                  CONTENTS, ALLOC, LOAD, READONLY, CODE
 10 .text         0008a790  000000000001e0b0  000000000001e0b0  0001e0b0  2**4
                  CONTENTS, ALLOC, LOAD, READONLY, CODE
 11 .rodata       0003e94d  00000000000a8840  00000000000a8840  000a8840  2**6
                  CONTENTS, ALLOC, LOAD, READONLY, DATA
 12 .eh_frame_hdr 000058f4  00000000000e7190  00000000000e7190  000e7190  2**2
                  CONTENTS, ALLOC, LOAD, READONLY, DATA
 13 .eh_frame     00016d38  00000000000eca88  00000000000eca88  000eca88  2**3
                  CONTENTS, ALLOC, LOAD, READONLY, DATA
 14 .gcc_except_table 0000508c  00000000001037c0  00000000001037c0  001037c0  2**2
                  CONTENTS, ALLOC, LOAD, READONLY, DATA
 15 .note.android.ident 00000098  000000000010884c  000000000010884c  0010884c  2**2
                  CONTENTS, ALLOC, LOAD, READONLY, DATA
 16 .init_array   00000018  00000000001191e8  00000000001191e8  001091e8  2**3
                  CONTENTS, ALLOC, LOAD, DATA
 17 .fini_array   00000010  0000000000119200  0000000000119200  00109200  2**3
                  CONTENTS, ALLOC, LOAD, DATA
 18 .data.rel.ro  00005b10  0000000000119210  0000000000119210  00109210  2**3
                  CONTENTS, ALLOC, LOAD, DATA
 19 .dynamic      00000260  000000000011ed20  000000000011ed20  0010ed20  2**3
                  CONTENTS, ALLOC, LOAD, DATA
 20 .got          00001080  000000000011ef80  000000000011ef80  0010ef80  2**3
                  CONTENTS, ALLOC, LOAD, DATA
 21 .data         000000d8  0000000000120000  0000000000120000  00110000  2**3
                  CONTENTS, ALLOC, LOAD, DATA
 22 .bss          00000d00  00000000001200e0  00000000001200e0  001100d8  2**4
                  ALLOC
 23 .comment      000001e4  0000000000000000  0000000000000000  001100d8  2**0
                  CONTENTS, READONLY
 24 .debug_aranges 00000060  0000000000000000  0000000000000000  001102bc  2**0
                  CONTENTS, READONLY, DEBUGGING, OCTETS
 25 .debug_info   00d7836f  0000000000000000  0000000000000000  0011031c  2**0
                  CONTENTS, READONLY, DEBUGGING, OCTETS
 26 .debug_abbrev 0003562a  0000000000000000  0000000000000000  00e8868b  2**0
                  CONTENTS, READONLY, DEBUGGING, OCTETS
 27 .debug_line   0010396e  0000000000000000  0000000000000000  00ebdcb5  2**0
                  CONTENTS, READONLY, DEBUGGING, OCTETS
 28 .debug_frame  00003500  0000000000000000  0000000000000000  00fc1628  2**3
                  CONTENTS, READONLY, DEBUGGING, OCTETS
 29 .debug_str    0058d9d0  0000000000000000  0000000000000000  00fc4b28  2**0
                  CONTENTS, READONLY, DEBUGGING, OCTETS
 30 .debug_loc    002777b7  0000000000000000  0000000000000000  015524f8  2**0
                  CONTENTS, READONLY, DEBUGGING, OCTETS
 31 .debug_macinfo 00000093  0000000000000000  0000000000000000  017c9caf  2**0
                  CONTENTS, READONLY, DEBUGGING, OCTETS
 32 .debug_ranges 000bafd0  0000000000000000  0000000000000000  017c9d42  2**0
                  CONTENTS, READONLY, DEBUGGING, OCTETS
