
docs/v1.9.10/libfilament-jni.so:     file format elf64-little

Sections:
Idx Name          Size      VMA               LMA               File off  Algn
  0 .note.gnu.build-id 00000024  0000000000000200  0000000000000200  00000200  2**2
                  CONTENTS, ALLOC, LOAD, READONLY, DATA
  1 .hash         00004f88  0000000000000228  0000000000000228  00000228  2**3
                  CONTENTS, ALLOC, LOAD, READONLY, DATA
  2 .gnu.hash     00005408  00000000000051b0  00000000000051b0  000051b0  2**3
                  CONTENTS, ALLOC, LOAD, READONLY, DATA
  3 .dynsym       00011c88  000000000000a5b8  000000000000a5b8  0000a5b8  2**3
                  CONTENTS, ALLOC, LOAD, READONLY, DATA
  4 .dynstr       00036fe5  000000000001c240  000000000001c240  0001c240  2**0
                  CONTENTS, ALLOC, LOAD, READONLY, DATA
  5 .gnu.version  000017b6  0000000000053226  0000000000053226  00053226  2**1
                  CONTENTS, ALLOC, LOAD, READONLY, DATA
  6 .gnu.version_d 00000038  00000000000549e0  00000000000549e0  000549e0  2**3
                  CONTENTS, ALLOC, LOAD, READONLY, DATA
  7 .gnu.version_r 00000060  0000000000054a18  0000000000054a18  00054a18  2**3
                  CONTENTS, ALLOC, LOAD, READONLY, DATA
  8 .rela.dyn     0000f708  0000000000054a78  0000000000054a78  00054a78  2**3
                  CONTENTS, ALLOC, LOAD, READONLY, DATA
  9 .rela.plt     000014d0  0000000000064180  0000000000064180  00064180  2**3
                  CONTENTS, ALLOC, LOAD, READONLY, DATA
 10 .plt          00000e00  0000000000065650  0000000000065650  00065650  2**4
                  CONTENTS, ALLOC, LOAD, READONLY, CODE
 11 .text         0009ccc4  0000000000066450  0000000000066450  00066450  2**4
                  CONTENTS, ALLOC, LOAD, READONLY, CODE
 12 .rodata       000996b9  0000000000103120  0000000000103120  00103120  2**4
                  CONTENTS, ALLOC, LOAD, READONLY, DATA
 13 .eh_frame_hdr 00005cf4  000000000019c7dc  000000000019c7dc  0019c7dc  2**2
                  CONTENTS, ALLOC, LOAD, READONLY, DATA
 14 .eh_frame     00017f28  00000000001a24d0  00000000001a24d0  001a24d0  2**3
                  CONTENTS, ALLOC, LOAD, READONLY, DATA
 15 .gcc_except_table 00005964  00000000001ba3f8  00000000001ba3f8  001ba3f8  2**2
                  CONTENTS, ALLOC, LOAD, READONLY, DATA
 16 .note.android.ident 00000098  00000000001bfd5c  00000000001bfd5c  001bfd5c  2**2
                  CONTENTS, ALLOC, LOAD, READONLY, DATA
 17 .init_array   00000008  00000000001c1be8  00000000001c1be8  001c0be8  2**3
                  CONTENTS, ALLOC, LOAD, DATA
 18 .fini_array   00000010  00000000001c1bf0  00000000001c1bf0  001c0bf0  2**3
                  CONTENTS, ALLOC, LOAD, DATA
 19 .data.rel.ro  00005598  00000000001c1c00  00000000001c1c00  001c0c00  2**3
                  CONTENTS, ALLOC, LOAD, DATA
 20 .dynamic      00000270  00000000001c7198  00000000001c7198  001c6198  2**3
                  CONTENTS, ALLOC, LOAD, DATA
 21 .got          00000bf8  00000000001c7408  00000000001c7408  001c6408  2**3
                  CONTENTS, ALLOC, LOAD, DATA
 22 .data         00000030  00000000001c8000  00000000001c8000  001c7000  2**3
                  CONTENTS, ALLOC, LOAD, DATA
 23 .bss          00000aa0  00000000001c8030  00000000001c8030  001c7030  2**4
                  ALLOC
 24 .comment      000000dc  0000000000000000  0000000000000000  001c7030  2**0
                  CONTENTS, READONLY
